<?xml version="1.0" encoding="UTF-8" ?>
<testsuite failures="0" time="0.004" errors="0" skipped="0" tests="1" name="com.simple.api.AppTest">
  <properties>
    <property name="java.runtime.name" value="Java(TM) SE Runtime Environment"/>
    <property name="sun.boot.library.path" value="E:\jdk1.7.0_17\jre\bin"/>
    <property name="java.vm.version" value="23.7-b01"/>
    <property name="java.vm.vendor" value="Oracle Corporation"/>
    <property name="maven.multiModuleProjectDirectory" value="F:\Git Repository\Spring-Boot-Simple"/>
    <property name="java.vendor.url" value="http://java.oracle.com/"/>
    <property name="path.separator" value=";"/>
    <property name="guice.disable.misplaced.annotation.check" value="true"/>
    <property name="java.vm.name" value="Java HotSpot(TM) 64-Bit Server VM"/>
    <property name="file.encoding.pkg" value="sun.io"/>
    <property name="user.script" value=""/>
    <property name="user.country" value="CN"/>
    <property name="sun.java.launcher" value="SUN_STANDARD"/>
    <property name="sun.os.patch.level" value="Service Pack 1"/>
    <property name="java.vm.specification.name" value="Java Virtual Machine Specification"/>
    <property name="user.dir" value="F:\Git Repository\Spring-Boot-Simple"/>
    <property name="java.runtime.version" value="1.7.0_17-b02"/>
    <property name="java.awt.graphicsenv" value="sun.awt.Win32GraphicsEnvironment"/>
    <property name="java.endorsed.dirs" value="E:\jdk1.7.0_17\jre\lib\endorsed"/>
    <property name="os.arch" value="amd64"/>
    <property name="java.io.tmpdir" value="C:\Users\YY\AppData\Local\Temp\"/>
    <property name="line.separator" value="
"/>
    <property name="java.vm.specification.vendor" value="Oracle Corporation"/>
    <property name="user.variant" value=""/>
    <property name="os.name" value="Windows 7"/>
    <property name="classworlds.conf" value="F:\Git Repository\.metadata\.plugins\org.eclipse.m2e.launching\launches\m2conf1180657416820177988.tmp"/>
    <property name="sun.jnu.encoding" value="GBK"/>
    <property name="java.library.path" value="E:\jdk1.7.0_17\bin;C:\windows\Sun\Java\bin;C:\windows\system32;C:\windows;E:/jdk1.7.0_17/bin/../jre/bin/server;E:/jdk1.7.0_17/bin/../jre/bin;E:/jdk1.7.0_17/bin/../jre/lib/amd64;E:\jdk1.7.0_17\bin;D:\AppTool\opencv-2.4.9\opencv\build\x86\vc10\bin;F:\oracle\product\10.2.0\db_4\bin;C:\Program Files (x86)\NVIDIA Corporation\PhysX\Common;c:\program files (x86)\microsoft directx 9.0 sdk (june 2005)\utilities\bin\x86;c:\program files\common files\microsoft shared\windows live;c:\program files (x86)\common files\microsoft shared\windows live;C:\Windows\system32;C:\Windows;C:\Windows\system32\wbem;C:\Windows\system32\windowspowershell\v1.0\;c:\program files\intel\wifi\bin\;c:\program files\common files\intel\wirelesscommon\;c:\program files (x86)\common files\thunder network\kankan\codecs;c:\program files (x86)\microsoft sql server\90\tools\binn\;c:\program files (x86)\windows live\shared;E:\jdk1.7.0_17\jre\bin\server;E:\jdk1.7.0_17\bin;E:\jdk1.7.0_17\jre\bin;E:\TortoiseSVN\bin;C:\Program Files\Microsoft SQL Server\90\Tools\binn\;C:\Program Files (x86)\Microsoft SQL Server\80\Tools\Binn\;D:\AppTool\liquibase-3.3.1-bin;D:\AppTool\tool\gradle-2.10\bin;F:\Tesseract-OCR;E:\Git\cmd;E:\TortoiseGit\bin;E:\Program Files (x86)\Microsoft Visual Studio\Common\Tools\WinNT;E:\Program Files (x86)\Microsoft Visual Studio\Common\MSDev98\Bin;E:\Program Files (x86)\Microsoft Visual Studio\Common\Tools;E:\Program Files (x86)\Microsoft Visual Studio\VC98\bin;E:\vc6.0\Tools\WinNT;E:\vc6.0\MSDev98\Bin;E:\vc6.0\Tools;E:\VC98\bin;C:\Program Files\Intel\WiFi\bin\;C:\Program Files\Common Files\Intel\WirelessCommon\;D:\eclipse\sdk\tools;E:\MyEclipse-8.6\apache-maven-3.0.5\bin;.;;E:\eclipse-mars-64;;.;;."/>
    <property name="java.specification.name" value="Java Platform API Specification"/>
    <property name="java.class.version" value="51.0"/>
    <property name="sun.management.compiler" value="HotSpot 64-Bit Tiered Compilers"/>
    <property name="os.version" value="6.1"/>
    <property name="user.home" value="C:\Users\YY"/>
    <property name="user.timezone" value="Asia/Shanghai"/>
    <property name="java.awt.printerjob" value="sun.awt.windows.WPrinterJob"/>
    <property name="java.specification.version" value="1.7"/>
    <property name="file.encoding" value="UTF-8"/>
    <property name="user.name" value="YY"/>
    <property name="java.class.path" value="/E:/eclipse-mars-64/plugins/org.eclipse.m2e.maven.runtime_1.6.2.20150902-0001/jars/plexus-classworlds-2.5.2.jar"/>
    <property name="java.vm.specification.version" value="1.7"/>
    <property name="sun.arch.data.model" value="64"/>
    <property name="java.home" value="E:\jdk1.7.0_17\jre"/>
    <property name="sun.java.command" value="org.codehaus.plexus.classworlds.launcher.Launcher -B -s E:\MyEclipse-8.6\apache-maven-3.0.5\conf\settings.xml install"/>
    <property name="java.specification.vendor" value="Oracle Corporation"/>
    <property name="user.language" value="zh"/>
    <property name="awt.toolkit" value="sun.awt.windows.WToolkit"/>
    <property name="java.vm.info" value="mixed mode"/>
    <property name="java.version" value="1.7.0_17"/>
    <property name="java.ext.dirs" value="E:\jdk1.7.0_17\jre\lib\ext;C:\windows\Sun\Java\lib\ext"/>
    <property name="sun.boot.class.path" value="E:\jdk1.7.0_17\jre\lib\resources.jar;E:\jdk1.7.0_17\jre\lib\rt.jar;E:\jdk1.7.0_17\jre\lib\sunrsasign.jar;E:\jdk1.7.0_17\jre\lib\jsse.jar;E:\jdk1.7.0_17\jre\lib\jce.jar;E:\jdk1.7.0_17\jre\lib\charsets.jar;E:\jdk1.7.0_17\jre\lib\jfr.jar;E:\jdk1.7.0_17\jre\classes"/>
    <property name="java.vendor" value="Oracle Corporation"/>
    <property name="maven.home" value="F:\Git Repository\Spring-Boot-Simple\EMBEDDED"/>
    <property name="file.separator" value="\"/>
    <property name="java.vendor.url.bug" value="http://bugreport.sun.com/bugreport/"/>
    <property name="sun.cpu.endian" value="little"/>
    <property name="sun.io.unicode.encoding" value="UnicodeLittle"/>
    <property name="sun.desktop" value="windows"/>
    <property name="sun.cpu.isalist" value="amd64"/>
  </properties>
  <testcase time="0.004" classname="com.simple.api.AppTest" name="testApp"/>
</testsuite>